android/app/build/intermediates/manifest_merge_blame_file/debug/manifest-merger-blame-debug-report.txt
1<?xml version="1.0" encoding="utf-8"?>
2<manifest xmlns:android="http://schemas.android.com/apk/res/android"
3    package="com.example.ivorek_machine_test"
4    android:versionCode="1"
5    android:versionName="1.0.0" >
6
7    <uses-sdk
8        android:minSdkVersion="23"
9        android:targetSdkVersion="34" />
10    <!--
11         The INTERNET permission is required for development. Specifically,
12         the Flutter tool needs it to communicate with the running application
13         to allow setting breakpoints, to provide hot reload, etc.
14    -->
15    <uses-permission android:name="android.permission.INTERNET" />
15-->src\debug\AndroidManifest.xml:6:5-66
15-->src\debug\AndroidManifest.xml:6:22-64
16    <uses-permission android:name="android.permission.ACCESS_FINE_LOCATION" />
16-->src\main\AndroidManifest.xml:2:5-79
16-->src\main\AndroidManifest.xml:2:22-76
17    <uses-permission android:name="android.permission.ACCESS_COARSE_LOCATION" />
17-->src\main\AndroidManifest.xml:3:5-81
17-->src\main\AndroidManifest.xml:3:22-78
18    <!--
19 Required to query activities that can process text, see:
20         https://developer.android.com/training/package-visibility and
21         https://developer.android.com/reference/android/content/Intent#ACTION_PROCESS_TEXT.
22
23         In particular, this is used by the Flutter engine in io.flutter.plugin.text.ProcessTextPlugin.
24    -->
25    <queries>
25-->src\main\AndroidManifest.xml:41:5-46:15
26        <intent>
26-->src\main\AndroidManifest.xml:42:9-45:18
27            <action android:name="android.intent.action.PROCESS_TEXT" />
27-->src\main\AndroidManifest.xml:43:13-72
27-->src\main\AndroidManifest.xml:43:21-70
28
29            <data android:mimeType="text/plain" />
29-->src\main\AndroidManifest.xml:44:13-50
29-->src\main\AndroidManifest.xml:44:19-48
30        </intent>
31    </queries>
32
33    <uses-feature
33-->[com.mapbox.maps:android-core:11.3.0] AndroidManifest.xml:10:5-12:35
34        android:glEsVersion="0x00030000"
34-->[com.mapbox.maps:android-core:11.3.0] AndroidManifest.xml:11:9-41
35        android:required="true" />
35-->[com.mapbox.maps:android-core:11.3.0] AndroidManifest.xml:12:9-32
36    <uses-feature
36-->[com.mapbox.maps:android-core:11.3.0] AndroidManifest.xml:13:5-15:36
37        android:name="android.hardware.wifi"
37-->[com.mapbox.maps:android-core:11.3.0] AndroidManifest.xml:14:9-45
38        android:required="false" />
38-->[com.mapbox.maps:android-core:11.3.0] AndroidManifest.xml:15:9-33
39
40    <uses-permission android:name="android.permission.ACCESS_NETWORK_STATE" />
40-->[com.mapbox.maps:android-core:11.3.0] AndroidManifest.xml:18:5-79
40-->[com.mapbox.maps:android-core:11.3.0] AndroidManifest.xml:18:22-76
41    <uses-permission android:name="android.permission.ACCESS_WIFI_STATE" />
41-->[com.mapbox.maps:android-core:11.3.0] AndroidManifest.xml:19:5-76
41-->[com.mapbox.maps:android-core:11.3.0] AndroidManifest.xml:19:22-73
42
43    <permission
43-->[androidx.core:core:1.13.0] AndroidManifest.xml:22:5-24:47
44        android:name="com.example.ivorek_machine_test.DYNAMIC_RECEIVER_NOT_EXPORTED_PERMISSION"
44-->[androidx.core:core:1.13.0] AndroidManifest.xml:23:9-81
45        android:protectionLevel="signature" />
45-->[androidx.core:core:1.13.0] AndroidManifest.xml:24:9-44
46
47    <uses-permission android:name="com.example.ivorek_machine_test.DYNAMIC_RECEIVER_NOT_EXPORTED_PERMISSION" />
47-->[androidx.core:core:1.13.0] AndroidManifest.xml:26:5-97
47-->[androidx.core:core:1.13.0] AndroidManifest.xml:26:22-94
48
49    <application
50        android:name="android.app.Application"
51        android:appComponentFactory="androidx.core.app.CoreComponentFactory"
51-->[androidx.core:core:1.13.0] AndroidManifest.xml:28:18-86
52        android:debuggable="true"
53        android:extractNativeLibs="false"
54        android:icon="@mipmap/ic_launcher"
55        android:label="ivorek_machine_test" >
56        <activity
57            android:name="com.example.ivorek_machine_test.MainActivity"
58            android:configChanges="orientation|keyboardHidden|keyboard|screenSize|smallestScreenSize|locale|layoutDirection|fontScale|screenLayout|density|uiMode"
59            android:exported="true"
60            android:hardwareAccelerated="true"
61            android:launchMode="singleTop"
62            android:taskAffinity=""
63            android:theme="@style/LaunchTheme"
64            android:windowSoftInputMode="adjustResize" >
65
66            <!--
67                 Specifies an Android theme to apply to this Activity as soon as
68                 the Android process has started. This theme is visible to the user
69                 while the Flutter UI initializes. After that, this theme continues
70                 to determine the Window background behind the Flutter UI.
71            -->
72            <meta-data
73                android:name="io.flutter.embedding.android.NormalTheme"
74                android:resource="@style/NormalTheme" />
75
76            <intent-filter>
77                <action android:name="android.intent.action.MAIN" />
78
79                <category android:name="android.intent.category.LAUNCHER" />
80            </intent-filter>
81        </activity>
82        <!--
83             Don't delete the meta-data below.
84             This is used by the Flutter tool to generate GeneratedPluginRegistrant.java
85        -->
86        <meta-data
87            android:name="flutterEmbedding"
88            android:value="2" />
89
90        <service
90-->[:geolocator_android] AndroidManifest.xml:10:9-14:56
91            android:name="com.baseflow.geolocator.GeolocatorLocationService"
91-->[:geolocator_android] AndroidManifest.xml:11:13-77
92            android:enabled="true"
92-->[:geolocator_android] AndroidManifest.xml:12:13-35
93            android:exported="false"
93-->[:geolocator_android] AndroidManifest.xml:13:13-37
94            android:foregroundServiceType="location" />
94-->[:geolocator_android] AndroidManifest.xml:14:13-53
95
96        <uses-library
96-->[androidx.window:window:1.0.0-beta04] AndroidManifest.xml:25:9-27:40
97            android:name="androidx.window.extensions"
97-->[androidx.window:window:1.0.0-beta04] AndroidManifest.xml:26:13-54
98            android:required="false" />
98-->[androidx.window:window:1.0.0-beta04] AndroidManifest.xml:27:13-37
99        <uses-library
99-->[androidx.window:window:1.0.0-beta04] AndroidManifest.xml:28:9-30:40
100            android:name="androidx.window.sidecar"
100-->[androidx.window:window:1.0.0-beta04] AndroidManifest.xml:29:13-51
101            android:required="false" />
101-->[androidx.window:window:1.0.0-beta04] AndroidManifest.xml:30:13-37
102
103        <provider
103-->[com.mapbox.maps:android-core:11.3.0] AndroidManifest.xml:22:9-30:20
104            android:name="androidx.startup.InitializationProvider"
104-->[com.mapbox.maps:android-core:11.3.0] AndroidManifest.xml:23:13-67
105            android:authorities="com.example.ivorek_machine_test.androidx-startup"
105-->[com.mapbox.maps:android-core:11.3.0] AndroidManifest.xml:24:13-68
106            android:exported="false" >
106-->[com.mapbox.maps:android-core:11.3.0] AndroidManifest.xml:25:13-37
107            <meta-data
107-->[com.mapbox.maps:android-core:11.3.0] AndroidManifest.xml:27:13-29:52
108                android:name="com.mapbox.maps.loader.MapboxMapsInitializer"
108-->[com.mapbox.maps:android-core:11.3.0] AndroidManifest.xml:28:17-76
109                android:value="androidx.startup" />
109-->[com.mapbox.maps:android-core:11.3.0] AndroidManifest.xml:29:17-49
110            <!-- This entry makes MapboxSDKCommonInitializer discoverable. -->
111            <meta-data
111-->[com.mapbox.common:common:24.3.1] AndroidManifest.xml:19:13-21:52
112                android:name="com.mapbox.common.MapboxSDKCommonInitializer"
112-->[com.mapbox.common:common:24.3.1] AndroidManifest.xml:20:17-76
113                android:value="androidx.startup" />
113-->[com.mapbox.common:common:24.3.1] AndroidManifest.xml:21:17-49
114            <meta-data
114-->[androidx.emoji2:emoji2:1.2.0] AndroidManifest.xml:29:13-31:52
115                android:name="androidx.emoji2.text.EmojiCompatInitializer"
115-->[androidx.emoji2:emoji2:1.2.0] AndroidManifest.xml:30:17-75
116                android:value="androidx.startup" />
116-->[androidx.emoji2:emoji2:1.2.0] AndroidManifest.xml:31:17-49
117            <meta-data
117-->[androidx.lifecycle:lifecycle-process:2.6.2] AndroidManifest.xml:29:13-31:52
118                android:name="androidx.lifecycle.ProcessLifecycleInitializer"
118-->[androidx.lifecycle:lifecycle-process:2.6.2] AndroidManifest.xml:30:17-78
119                android:value="androidx.startup" />
119-->[androidx.lifecycle:lifecycle-process:2.6.2] AndroidManifest.xml:31:17-49
120            <meta-data
120-->[androidx.profileinstaller:profileinstaller:1.3.0] AndroidManifest.xml:29:13-31:52
121                android:name="androidx.profileinstaller.ProfileInstallerInitializer"
121-->[androidx.profileinstaller:profileinstaller:1.3.0] AndroidManifest.xml:30:17-85
122                android:value="androidx.startup" />
122-->[androidx.profileinstaller:profileinstaller:1.3.0] AndroidManifest.xml:31:17-49
123        </provider>
124
125        <receiver
125-->[com.mapbox.common:common:24.3.1] AndroidManifest.xml:24:9-31:20
126            android:name="com.mapbox.common.location.LocationUpdatesReceiver"
126-->[com.mapbox.common:common:24.3.1] AndroidManifest.xml:25:13-78
127            android:enabled="true"
127-->[com.mapbox.common:common:24.3.1] AndroidManifest.xml:26:13-35
128            android:exported="false" >
128-->[com.mapbox.common:common:24.3.1] AndroidManifest.xml:27:13-37
129            <intent-filter>
129-->[com.mapbox.common:common:24.3.1] AndroidManifest.xml:28:13-30:29
130                <action android:name="com.mapbox.common.location.LocationUpdatesReceiver.ACTION_PROCESS_LOCATION_UPDATES" />
130-->[com.mapbox.common:common:24.3.1] AndroidManifest.xml:29:17-125
130-->[com.mapbox.common:common:24.3.1] AndroidManifest.xml:29:25-122
131            </intent-filter>
132        </receiver>
133
134        <service
134-->[com.mapbox.common:common:24.3.1] AndroidManifest.xml:33:9-35:40
135            android:name="com.mapbox.common.LifecycleService"
135-->[com.mapbox.common:common:24.3.1] AndroidManifest.xml:34:13-62
136            android:exported="false" />
136-->[com.mapbox.common:common:24.3.1] AndroidManifest.xml:35:13-37
137
138        <activity
138-->[com.google.android.gms:play-services-base:18.3.0] AndroidManifest.xml:20:9-22:45
139            android:name="com.google.android.gms.common.api.GoogleApiActivity"
139-->[com.google.android.gms:play-services-base:18.3.0] AndroidManifest.xml:20:19-85
140            android:exported="false"
140-->[com.google.android.gms:play-services-base:18.3.0] AndroidManifest.xml:22:19-43
141            android:theme="@android:style/Theme.Translucent.NoTitleBar" />
141-->[com.google.android.gms:play-services-base:18.3.0] AndroidManifest.xml:21:19-78
142
143        <meta-data
143-->[com.google.android.gms:play-services-basement:18.3.0] AndroidManifest.xml:21:9-23:69
144            android:name="com.google.android.gms.version"
144-->[com.google.android.gms:play-services-basement:18.3.0] AndroidManifest.xml:22:13-58
145            android:value="@integer/google_play_services_version" />
145-->[com.google.android.gms:play-services-basement:18.3.0] AndroidManifest.xml:23:13-66
146
147        <receiver
147-->[androidx.profileinstaller:profileinstaller:1.3.0] AndroidManifest.xml:34:9-52:20
148            android:name="androidx.profileinstaller.ProfileInstallReceiver"
148-->[androidx.profileinstaller:profileinstaller:1.3.0] AndroidManifest.xml:35:13-76
149            android:directBootAware="false"
149-->[androidx.profileinstaller:profileinstaller:1.3.0] AndroidManifest.xml:36:13-44
150            android:enabled="true"
150-->[androidx.profileinstaller:profileinstaller:1.3.0] AndroidManifest.xml:37:13-35
151            android:exported="true"
151-->[androidx.profileinstaller:profileinstaller:1.3.0] AndroidManifest.xml:38:13-36
152            android:permission="android.permission.DUMP" >
152-->[androidx.profileinstaller:profileinstaller:1.3.0] AndroidManifest.xml:39:13-57
153            <intent-filter>
153-->[androidx.profileinstaller:profileinstaller:1.3.0] AndroidManifest.xml:40:13-42:29
154                <action android:name="androidx.profileinstaller.action.INSTALL_PROFILE" />
154-->[androidx.profileinstaller:profileinstaller:1.3.0] AndroidManifest.xml:41:17-91
154-->[androidx.profileinstaller:profileinstaller:1.3.0] AndroidManifest.xml:41:25-88
155            </intent-filter>
156            <intent-filter>
156-->[androidx.profileinstaller:profileinstaller:1.3.0] AndroidManifest.xml:43:13-45:29
157                <action android:name="androidx.profileinstaller.action.SKIP_FILE" />
157-->[androidx.profileinstaller:profileinstaller:1.3.0] AndroidManifest.xml:44:17-85
157-->[androidx.profileinstaller:profileinstaller:1.3.0] AndroidManifest.xml:44:25-82
158            </intent-filter>
159            <intent-filter>
159-->[androidx.profileinstaller:profileinstaller:1.3.0] AndroidManifest.xml:46:13-48:29
160                <action android:name="androidx.profileinstaller.action.SAVE_PROFILE" />
160-->[androidx.profileinstaller:profileinstaller:1.3.0] AndroidManifest.xml:47:17-88
160-->[androidx.profileinstaller:profileinstaller:1.3.0] AndroidManifest.xml:47:25-85
161            </intent-filter>
162            <intent-filter>
162-->[androidx.profileinstaller:profileinstaller:1.3.0] AndroidManifest.xml:49:13-51:29
163                <action android:name="androidx.profileinstaller.action.BENCHMARK_OPERATION" />
163-->[androidx.profileinstaller:profileinstaller:1.3.0] AndroidManifest.xml:50:17-95
163-->[androidx.profileinstaller:profileinstaller:1.3.0] AndroidManifest.xml:50:25-92
164            </intent-filter>
165        </receiver>
166    </application>
167
168</manifest>